c:\users\papov\desktop\projektni zadatak\postavka (3)\src\debug\vc140.pdb
c:\users\papov\desktop\projektni zadatak\postavka (3)\src\debug\vc140.idb
c:\users\papov\desktop\projektni zadatak\postavka (3)\src\debug\finitestatemachine.obj
c:\users\papov\desktop\projektni zadatak\postavka (3)\src\debug\interferencegraph.obj
c:\users\papov\desktop\projektni zadatak\postavka (3)\src\debug\ir.obj
c:\users\papov\desktop\projektni zadatak\postavka (3)\src\debug\izborinstrukcija.obj
c:\users\papov\desktop\projektni zadatak\postavka (3)\src\debug\lexicalanalysis.obj
c:\users\papov\desktop\projektni zadatak\postavka (3)\src\debug\main.obj
c:\users\papov\desktop\projektni zadatak\postavka (3)\src\debug\registers.obj
c:\users\papov\desktop\projektni zadatak\postavka (3)\src\debug\syntaxanalysis.obj
c:\users\papov\desktop\projektni zadatak\postavka (3)\src\debug\token.obj
c:\users\papov\desktop\projektni zadatak\postavka (3)\src\debug\lexicalanalysis.ilk
c:\users\papov\desktop\projektni zadatak\postavka (3)\src\debug\lexicalanalysis.exe
c:\users\papov\desktop\projektni zadatak\postavka (3)\src\debug\lexicalanalysis.pdb
c:\users\papov\desktop\projektni zadatak\postavka (3)\src\debug\lexicalanalysis.tlog\cl.command.1.tlog
c:\users\papov\desktop\projektni zadatak\postavka (3)\src\debug\lexicalanalysis.tlog\cl.read.1.tlog
c:\users\papov\desktop\projektni zadatak\postavka (3)\src\debug\lexicalanalysis.tlog\cl.write.1.tlog
c:\users\papov\desktop\projektni zadatak\postavka (3)\src\debug\lexicalanalysis.tlog\link.command.1.tlog
c:\users\papov\desktop\projektni zadatak\postavka (3)\src\debug\lexicalanalysis.tlog\link.read.1.tlog
c:\users\papov\desktop\projektni zadatak\postavka (3)\src\debug\lexicalanalysis.tlog\link.write.1.tlog
